<?xml version="1.0" encoding="UTF-8"?>
<!-- Generated by org.testng.reporters.JUnitReportReporter -->
<testsuite hostname="WKWIN2483646" name="com.learning.testcases.LoginTest" tests="1" failures="0" timestamp="1 Mar 2020 08:42:24 GMT" time="0.293" errors="0">
  <testcase name="loginAsBankManager" time="0.293" classname="com.learning.testcases.LoginTest"/>
</testsuite> <!-- com.learning.testcases.LoginTest -->
