<?xml version="1.0" encoding="UTF-8"?>
<!-- Generated by org.testng.reporters.JUnitReportReporter -->
<testsuite hostname="WKWIN2483646" name="com.learning.testcases.OpenAccountTest" tests="1" failures="0" timestamp="3 Mar 2020 16:32:10 GMT" time="0.008" errors="0">
  <testcase name="openAccountTest" time="0.008" classname="com.learning.testcases.OpenAccountTest"/>
</testsuite> <!-- com.learning.testcases.OpenAccountTest -->
