<?xml version="1.0" encoding="UTF-8"?>
<!-- Generated by org.testng.reporters.JUnitReportReporter -->
<testsuite skipped="1" hostname="WKWIN2483646" name="com.learning.testcases.OpenAccountTest" tests="2" failures="0" timestamp="2020-03-05T11:26:17 IST" time="0.905" errors="0">
  <testcase name="openAccountTest" time="0.903" classname="com.learning.testcases.OpenAccountTest"/>
  <system-out/>
  <testcase name="openAccountTest" time="0.002" classname="com.learning.testcases.OpenAccountTest">
    <skipped/>
  </testcase> <!-- openAccountTest -->
  <system-out/>
</testsuite> <!-- com.learning.testcases.OpenAccountTest -->
