<?xml version="1.0" encoding="UTF-8"?>
<!-- Generated by org.testng.reporters.JUnitReportReporter -->
<testsuite skipped="0" hostname="WKWIN2483646" name="com.learning.testcases.BankManagerLoginTest" tests="1" failures="0" timestamp="2020-03-05T11:26:17 IST" time="0.370" errors="0">
  <testcase name="bankManagerLoginTest" time="0.370" classname="com.learning.testcases.BankManagerLoginTest"/>
  <system-out>
Successfully logged in as Bankmanager  </system-out>
</testsuite> <!-- com.learning.testcases.BankManagerLoginTest -->
