<?xml version="1.0" encoding="UTF-8"?>
<!-- Generated by org.testng.reporters.JUnitReportReporter -->
<testsuite skipped="1" hostname="WKWIN2483646" name="com.learning.testcases.AddCusomerTest" tests="2" failures="0" timestamp="2020-03-05T11:26:17 IST" time="1.588" errors="0">
  <testcase name="addCusomerTest" time="0.001" classname="com.learning.testcases.AddCusomerTest">
    <skipped/>
  </testcase> <!-- addCusomerTest -->
  <system-out/>
  <testcase name="addCusomerTest" time="1.587" classname="com.learning.testcases.AddCusomerTest"/>
  <system-out>
Successfully added the customer  </system-out>
</testsuite> <!-- com.learning.testcases.AddCusomerTest -->
